[2018-01-25 17:04:30] START
[2018-01-25 17:41:19] CREATE pages.py: 0
[2018-01-25 17:42:31] DELETE ERP/controllers/appadmin.py: -573
[2018-01-25 17:42:36] DELETE ERP/controllers/default.py: -41
[2018-01-25 17:42:40] DELETE ERP/controllers/pages.py: -1
[2018-01-25 17:43:57] CREATE RegistrationPage.py: 0
[2018-01-25 18:03:41] EDIT ERP/controllers/RegistrationPage.py: -1
[2018-01-25 18:04:06] CREATE LoginPage.py: 0
[2018-01-25 18:04:35] CREATE DashBoard.py: 0
[2018-01-25 18:09:01] EDIT ERP/controllers/RegistrationPage.py: 6
[2018-01-26 15:37:20] CREATE RegistrationPage/company_reg_page.html: 0
[2018-01-26 15:46:12] EDIT ERP/views/RegistrationPage/company_reg_page.html: -1
[2018-01-28 12:43:08] CREATE LoginPage/first_time_login_SA.html: 0
[2018-01-30 11:10:59] CREATE Leads.py: 0
[2018-01-30 11:13:28] CREATE Contacts.py: 0
[2018-01-30 11:33:47] CREATE Leads/leads_add.html: 0
[2018-01-31 15:03:40] CREATE DashBoard/dashboard_SA.html: 0
[2018-02-02 15:50:21] CREATE CRM.py: 0
[2018-02-07 13:31:19] CREATE tst.py: 0
[2018-02-07 13:37:45] CREATE tst/test.html: 0
[2018-02-07 13:38:09] EDIT ERP/controllers/tst.py: 2
[2018-02-07 13:38:14] EDIT ERP/controllers/tst.py: 0
[2018-02-07 14:16:07] DELETE ERP/controllers/tst.py: -3
